<?xml version="1.0" encoding="UTF-8"?>
<testng-results ignored="0" total="1" passed="0" failed="1" skipped="0">
  <reporter-output>
  </reporter-output>
  <suite started-at="2023-11-19T22:07:42 IST" name="Default suite" finished-at="2023-11-19T22:08:11 IST" duration-ms="29539">
    <groups>
    </groups>
    <test started-at="2023-11-19T22:07:42 IST" name="Default test" finished-at="2023-11-19T22:08:11 IST" duration-ms="29539">
      <class name="com.qa.orderout.test.Registration_testcase">
        <test-method is-config="true" signature="browsersetup()[pri:0, instance:com.qa.orderout.test.Registration_testcase@6f03482]" started-at="2023-11-19T22:07:42 IST" name="browsersetup" finished-at="2023-11-19T22:07:54 IST" duration-ms="12521" status="PASS">
          <reporter-output>
          </reporter-output>
        </test-method> <!-- browsersetup -->
        <test-method is-config="true" signature="setup_browser()[pri:0, instance:com.qa.orderout.test.Registration_testcase@6f03482]" started-at="2023-11-19T22:07:55 IST" name="setup_browser" finished-at="2023-11-19T22:08:05 IST" duration-ms="10976" status="PASS">
          <reporter-output>
          </reporter-output>
        </test-method> <!-- setup_browser -->
        <test-method signature="verifyinvalidemail()[pri:0, instance:com.qa.orderout.test.Registration_testcase@6f03482]" started-at="2023-11-19T22:08:05 IST" name="verifyinvalidemail" description="Verify invalid email registration" finished-at="2023-11-19T22:08:11 IST" duration-ms="5981" status="FAIL">
          <exception class="java.lang.NullPointerException">
            <message>
              <![CDATA[Cannot invoke "org.openqa.selenium.WebElement.getText()" because "this.registrationpageelement.invalidemailvalidation" is null]]>
            </message>
            <full-stacktrace>
              <![CDATA[java.lang.NullPointerException: Cannot invoke "org.openqa.selenium.WebElement.getText()" because "this.registrationpageelement.invalidemailvalidation" is null
at com.qa.orderout.test.Registration_testcase.verifyinvalidemail(Registration_testcase.java:66)
at java.base/jdk.internal.reflect.DirectMethodHandleAccessor.invoke(DirectMethodHandleAccessor.java:104)
at java.base/java.lang.reflect.Method.invoke(Method.java:577)
at org.testng.internal.invokers.MethodInvocationHelper.invokeMethod(MethodInvocationHelper.java:139)
at org.testng.internal.invokers.TestInvoker.invokeMethod(TestInvoker.java:664)
at org.testng.internal.invokers.TestInvoker.invokeTestMethod(TestInvoker.java:227)
at org.testng.internal.invokers.MethodRunner.runInSequence(MethodRunner.java:50)
at org.testng.internal.invokers.TestInvoker$MethodInvocationAgent.invoke(TestInvoker.java:957)
at org.testng.internal.invokers.TestInvoker.invokeTestMethods(TestInvoker.java:200)
at org.testng.internal.invokers.TestMethodWorker.invokeTestMethods(TestMethodWorker.java:148)
at org.testng.internal.invokers.TestMethodWorker.run(TestMethodWorker.java:128)
at java.base/java.util.ArrayList.forEach(ArrayList.java:1511)
at org.testng.TestRunner.privateRun(TestRunner.java:848)
at org.testng.TestRunner.run(TestRunner.java:621)
at org.testng.SuiteRunner.runTest(SuiteRunner.java:443)
at org.testng.SuiteRunner.runSequentially(SuiteRunner.java:437)
at org.testng.SuiteRunner.privateRun(SuiteRunner.java:397)
at org.testng.SuiteRunner.run(SuiteRunner.java:336)
at org.testng.SuiteRunnerWorker.runSuite(SuiteRunnerWorker.java:52)
at org.testng.SuiteRunnerWorker.run(SuiteRunnerWorker.java:95)
at org.testng.TestNG.runSuitesSequentially(TestNG.java:1280)
at org.testng.TestNG.runSuitesLocally(TestNG.java:1200)
at org.testng.TestNG.runSuites(TestNG.java:1114)
at org.testng.TestNG.run(TestNG.java:1082)
at org.testng.remote.AbstractRemoteTestNG.run(AbstractRemoteTestNG.java:115)
at org.testng.remote.RemoteTestNG.initAndRun(RemoteTestNG.java:251)
at org.testng.remote.RemoteTestNG.main(RemoteTestNG.java:77)
]]>
            </full-stacktrace>
          </exception> <!-- java.lang.NullPointerException -->
          <reporter-output>
          </reporter-output>
        </test-method> <!-- verifyinvalidemail -->
        <test-method is-config="true" signature="teardown()[pri:0, instance:com.qa.orderout.test.Registration_testcase@6f03482]" started-at="2023-11-19T22:08:11 IST" name="teardown" finished-at="2023-11-19T22:08:11 IST" duration-ms="1" status="PASS">
          <reporter-output>
          </reporter-output>
        </test-method> <!-- teardown -->
        <test-method is-config="true" signature="Teardown()[pri:0, instance:com.qa.orderout.test.Registration_testcase@6f03482]" started-at="2023-11-19T22:08:11 IST" name="Teardown" finished-at="2023-11-19T22:08:11 IST" depends-on-methods="com.qa.orderout.test.Registration_testcase.teardown" duration-ms="0" status="PASS">
          <reporter-output>
          </reporter-output>
        </test-method> <!-- Teardown -->
      </class> <!-- com.qa.orderout.test.Registration_testcase -->
    </test> <!-- Default test -->
  </suite> <!-- Default suite -->
</testng-results>
